<?xml version="1.0" encoding="UTF-8"?>
<!-- Generated by org.testng.reporters.JUnitReportReporter -->
<testsuite hostname="Aleksandras-MacBook-Pro.local" name="com.jdi_lectures.PageObjectsTests" tests="1" failures="0" timestamp="20 Oct 2016 09:46:48 GMT" time="2.976" errors="0">
  <testcase name="loginTest" time="2.976" classname="com.jdi_lectures.PageObjectsTests"/>
</testsuite> <!-- com.jdi_lectures.PageObjectsTests -->
